<?xml version="1.0" encoding="UTF-8"?>
<testsuite name="com.example.androidtestssample.LoginTestUseCaseTwo" tests="1" skipped="0" failures="0" errors="0" timestamp="2019-09-25T14:53:48" hostname="AMM00430.local" time="0.03">
  <properties/>
  <testcase name="appNameTest" classname="com.example.androidtestssample.LoginTestUseCaseTwo" time="0.03"/>
  <system-out><![CDATA[]]></system-out>
  <system-err><![CDATA[]]></system-err>
</testsuite>
