<?xml version="1.0" encoding="UTF-8"?>
<testsuite name="com.example.androidtestssample.ExampleUnitTest" tests="1" skipped="0" failures="0" errors="0" timestamp="2019-09-25T14:53:49" hostname="AMM00430.local" time="0.0">
  <properties/>
  <testcase name="addition_isCorrect" classname="com.example.androidtestssample.ExampleUnitTest" time="0.0"/>
  <system-out><![CDATA[]]></system-out>
  <system-err><![CDATA[]]></system-err>
</testsuite>
